{
  message: 'Failed to connect database Error: querySrv ECONNREFUSED _mongodb._tcp.cluster0.9nuiwmf.mongodb.net',
  level: 'error',
  label: 'Lipon',
  timestamp: '2024-09-20T13:32:20.178Z'
}
{
  message: 'Failed to connect database Error: querySrv ECONNREFUSED _mongodb._tcp.cluster0.9nuiwmf.mongodb.net',
  level: 'error',
  label: 'Lipon',
  timestamp: '2024-09-20T13:32:20.178Z'
}
{
  message: 'Failed to connect database Error: querySrv ECONNREFUSED _mongodb._tcp.cluster0.9nuiwmf.mongodb.net',
  level: 'error',
  label: 'Lipon',
  timestamp: '2024-09-20T13:40:56.033Z'
}
{
  message: 'Failed to connect database Error: querySrv ECONNREFUSED _mongodb._tcp.cluster0.9nuiwmf.mongodb.net',
  level: 'error',
  label: 'Lipon',
  timestamp: '2024-09-20T13:40:56.206Z'
}
{
  message: 'Failed to connect database Error: querySrv ECONNREFUSED _mongodb._tcp.cluster0.9nuiwmf.mongodb.net',
  level: 'error',
  label: 'Lipon',
  timestamp: '2024-09-20T13:41:19.400Z'
}
