{
  message: 'MongoDB Connected -YES 4000',
  level: 'info',
  label: 'Lipon',
  timestamp: '2024-10-22T10:09:36.315Z'
}
{
  message: 'App listening on port -YES  4000',
  level: 'info',
  label: 'Lipon',
  timestamp: '2024-10-22T10:09:36.320Z'
}
{
  message: 'MongoDB Connected -YES 4000',
  level: 'info',
  label: 'Lipon',
  timestamp: '2024-10-22T10:35:59.905Z'
}
{
  message: 'App listening on port -YES  4000',
  level: 'info',
  label: 'Lipon',
  timestamp: '2024-10-22T10:35:59.913Z'
}
{
  message: 'MongoDB Connected -YES 4000',
  level: 'info',
  label: 'Lipon',
  timestamp: '2024-10-22T10:36:32.000Z'
}
{
  message: 'App listening on port -YES  4000',
  level: 'info',
  label: 'Lipon',
  timestamp: '2024-10-22T10:36:32.007Z'
}
{
  message: 'MongoDB Connected -YES 4000',
  level: 'info',
  label: 'Lipon',
  timestamp: '2024-10-22T10:37:36.078Z'
}
{
  message: 'App listening on port -YES  4000',
  level: 'info',
  label: 'Lipon',
  timestamp: '2024-10-22T10:37:36.085Z'
}
{
  message: 'MongoDB Connected -YES 4000',
  level: 'info',
  label: 'Lipon',
  timestamp: '2024-10-22T10:37:42.800Z'
}
{
  message: 'App listening on port -YES  4000',
  level: 'info',
  label: 'Lipon',
  timestamp: '2024-10-22T10:37:42.806Z'
}
{
  message: 'MongoDB Connected -YES 4000',
  level: 'info',
  label: 'Lipon',
  timestamp: '2024-10-22T10:38:11.518Z'
}
{
  message: 'App listening on port -YES  4000',
  level: 'info',
  label: 'Lipon',
  timestamp: '2024-10-22T10:38:11.524Z'
}
{
  message: 'MongoDB Connected -YES 4000',
  level: 'info',
  label: 'Lipon',
  timestamp: '2024-10-22T10:38:38.931Z'
}
{
  message: 'App listening on port -YES  4000',
  level: 'info',
  label: 'Lipon',
  timestamp: '2024-10-22T10:38:38.938Z'
}
{
  message: 'MongoDB Connected -YES 4000',
  level: 'info',
  label: 'Lipon',
  timestamp: '2024-10-22T10:38:48.720Z'
}
{
  message: 'App listening on port -YES  4000',
  level: 'info',
  label: 'Lipon',
  timestamp: '2024-10-22T10:38:48.726Z'
}
{
  message: 'MongoDB Connected -YES 4000',
  level: 'info',
  label: 'Lipon',
  timestamp: '2024-10-22T10:43:48.990Z'
}
{
  message: 'App listening on port -YES  4000',
  level: 'info',
  label: 'Lipon',
  timestamp: '2024-10-22T10:43:48.997Z'
}
{
  message: 'MongoDB Connected -YES 4000',
  level: 'info',
  label: 'Lipon',
  timestamp: '2024-10-22T10:49:40.391Z'
}
{
  message: 'App listening on port -YES  4000',
  level: 'info',
  label: 'Lipon',
  timestamp: '2024-10-22T10:49:40.398Z'
}
{
  message: 'MongoDB Connected -YES 4000',
  level: 'info',
  label: 'Lipon',
  timestamp: '2024-10-22T10:49:51.998Z'
}
{
  message: 'App listening on port -YES  4000',
  level: 'info',
  label: 'Lipon',
  timestamp: '2024-10-22T10:49:52.005Z'
}
{
  message: 'MongoDB Connected -YES 4000',
  level: 'info',
  label: 'Lipon',
  timestamp: '2024-10-22T10:52:34.009Z'
}
{
  message: 'App listening on port -YES  4000',
  level: 'info',
  label: 'Lipon',
  timestamp: '2024-10-22T10:52:34.017Z'
}
{
  message: 'MongoDB Connected -YES 4000',
  level: 'info',
  label: 'Lipon',
  timestamp: '2024-10-22T10:53:58.244Z'
}
{
  message: 'App listening on port -YES  4000',
  level: 'info',
  label: 'Lipon',
  timestamp: '2024-10-22T10:53:58.251Z'
}
{
  message: 'MongoDB Connected -YES 4000',
  level: 'info',
  label: 'Lipon',
  timestamp: '2024-10-22T10:54:04.208Z'
}
{
  message: 'App listening on port -YES  4000',
  level: 'info',
  label: 'Lipon',
  timestamp: '2024-10-22T10:54:04.215Z'
}
