{
  message: 'MongoDB Connected -YES 4000',
  level: 'info',
  label: 'Lipon',
  timestamp: '2024-08-03T05:19:14.493Z'
}
{
  message: 'App listening on port -YES  4000',
  level: 'info',
  label: 'Lipon',
  timestamp: '2024-08-03T05:19:14.498Z'
}
{
  message: 'MongoDB Connected -YES 4000',
  level: 'info',
  label: 'Lipon',
  timestamp: '2024-08-03T05:44:22.033Z'
}
{
  message: 'App listening on port -YES  4000',
  level: 'info',
  label: 'Lipon',
  timestamp: '2024-08-03T05:44:22.038Z'
}
{
  message: 'MongoDB Connected -YES 4000',
  level: 'info',
  label: 'Lipon',
  timestamp: '2024-08-03T05:44:54.670Z'
}
{
  message: 'App listening on port -YES  4000',
  level: 'info',
  label: 'Lipon',
  timestamp: '2024-08-03T05:44:54.676Z'
}
{
  message: 'MongoDB Connected -YES 4000',
  level: 'info',
  label: 'Lipon',
  timestamp: '2024-08-03T05:45:53.768Z'
}
{
  message: 'App listening on port -YES  4000',
  level: 'info',
  label: 'Lipon',
  timestamp: '2024-08-03T05:45:53.773Z'
}
{
  message: 'MongoDB Connected -YES 4000',
  level: 'info',
  label: 'Lipon',
  timestamp: '2024-08-03T05:46:18.896Z'
}
{
  message: 'App listening on port -YES  4000',
  level: 'info',
  label: 'Lipon',
  timestamp: '2024-08-03T05:46:18.901Z'
}
{
  message: 'MongoDB Connected -YES 4000',
  level: 'info',
  label: 'Lipon',
  timestamp: '2024-08-03T05:47:36.742Z'
}
{
  message: 'App listening on port -YES  4000',
  level: 'info',
  label: 'Lipon',
  timestamp: '2024-08-03T05:47:36.747Z'
}
{
  message: 'MongoDB Connected -YES 4000',
  level: 'info',
  label: 'Lipon',
  timestamp: '2024-08-03T05:49:15.026Z'
}
{
  message: 'App listening on port -YES  4000',
  level: 'info',
  label: 'Lipon',
  timestamp: '2024-08-03T05:49:15.032Z'
}
{
  message: 'MongoDB Connected -YES 4000',
  level: 'info',
  label: 'Lipon',
  timestamp: '2024-08-03T05:50:03.758Z'
}
{
  message: 'App listening on port -YES  4000',
  level: 'info',
  label: 'Lipon',
  timestamp: '2024-08-03T05:50:03.763Z'
}
{
  message: 'MongoDB Connected -YES 4000',
  level: 'info',
  label: 'Lipon',
  timestamp: '2024-08-03T05:50:14.453Z'
}
{
  message: 'App listening on port -YES  4000',
  level: 'info',
  label: 'Lipon',
  timestamp: '2024-08-03T05:50:14.457Z'
}
{
  message: 'MongoDB Connected -YES 4000',
  level: 'info',
  label: 'Lipon',
  timestamp: '2024-08-03T05:50:41.462Z'
}
{
  message: 'App listening on port -YES  4000',
  level: 'info',
  label: 'Lipon',
  timestamp: '2024-08-03T05:50:41.468Z'
}
{
  message: 'MongoDB Connected -YES 4000',
  level: 'info',
  label: 'Lipon',
  timestamp: '2024-08-03T05:51:14.007Z'
}
{
  message: 'App listening on port -YES  4000',
  level: 'info',
  label: 'Lipon',
  timestamp: '2024-08-03T05:51:14.014Z'
}
{
  message: 'MongoDB Connected -YES 4000',
  level: 'info',
  label: 'Lipon',
  timestamp: '2024-08-03T05:52:45.641Z'
}
{
  message: 'App listening on port -YES  4000',
  level: 'info',
  label: 'Lipon',
  timestamp: '2024-08-03T05:52:45.646Z'
}
{
  message: 'MongoDB Connected -YES 4000',
  level: 'info',
  label: 'Lipon',
  timestamp: '2024-08-03T05:55:50.415Z'
}
{
  message: 'App listening on port -YES  4000',
  level: 'info',
  label: 'Lipon',
  timestamp: '2024-08-03T05:55:50.421Z'
}
{
  message: 'MongoDB Connected -YES 4000',
  level: 'info',
  label: 'Lipon',
  timestamp: '2024-08-03T05:56:24.568Z'
}
{
  message: 'App listening on port -YES  4000',
  level: 'info',
  label: 'Lipon',
  timestamp: '2024-08-03T05:56:24.573Z'
}
{
  message: 'MongoDB Connected -YES 4000',
  level: 'info',
  label: 'Lipon',
  timestamp: '2024-08-03T05:56:54.718Z'
}
{
  message: 'App listening on port -YES  4000',
  level: 'info',
  label: 'Lipon',
  timestamp: '2024-08-03T05:56:54.722Z'
}
{
  message: 'MongoDB Connected -YES 4000',
  level: 'info',
  label: 'Lipon',
  timestamp: '2024-08-03T05:57:39.907Z'
}
{
  message: 'App listening on port -YES  4000',
  level: 'info',
  label: 'Lipon',
  timestamp: '2024-08-03T05:57:39.912Z'
}
{
  message: 'MongoDB Connected -YES 4000',
  level: 'info',
  label: 'Lipon',
  timestamp: '2024-08-03T05:57:53.396Z'
}
{
  message: 'App listening on port -YES  4000',
  level: 'info',
  label: 'Lipon',
  timestamp: '2024-08-03T05:57:53.401Z'
}
{
  message: 'MongoDB Connected -YES 4000',
  level: 'info',
  label: 'Lipon',
  timestamp: '2024-08-03T05:58:48.057Z'
}
{
  message: 'App listening on port -YES  4000',
  level: 'info',
  label: 'Lipon',
  timestamp: '2024-08-03T05:58:48.063Z'
}
{
  message: 'MongoDB Connected -YES 4000',
  level: 'info',
  label: 'Lipon',
  timestamp: '2024-08-03T05:59:57.436Z'
}
{
  message: 'App listening on port -YES  4000',
  level: 'info',
  label: 'Lipon',
  timestamp: '2024-08-03T05:59:57.442Z'
}
