{
  message: 'MongoDB Connected -YES 4000',
  level: 'info',
  label: 'Lipon',
  timestamp: '2024-10-03T08:27:23.931Z'
}
{
  message: 'App listening on port -YES  4000',
  level: 'info',
  label: 'Lipon',
  timestamp: '2024-10-03T08:27:23.938Z'
}
{
  message: 'MongoDB Connected -YES 4000',
  level: 'info',
  label: 'Lipon',
  timestamp: '2024-10-03T08:27:30.787Z'
}
{
  message: 'App listening on port -YES  4000',
  level: 'info',
  label: 'Lipon',
  timestamp: '2024-10-03T08:27:30.794Z'
}
{
  message: 'MongoDB Connected -YES 4000',
  level: 'info',
  label: 'Lipon',
  timestamp: '2024-10-03T08:27:39.838Z'
}
{
  message: 'App listening on port -YES  4000',
  level: 'info',
  label: 'Lipon',
  timestamp: '2024-10-03T08:27:39.844Z'
}
{
  message: 'MongoDB Connected -YES 4000',
  level: 'info',
  label: 'Lipon',
  timestamp: '2024-10-03T08:28:46.514Z'
}
{
  message: 'App listening on port -YES  4000',
  level: 'info',
  label: 'Lipon',
  timestamp: '2024-10-03T08:28:46.521Z'
}
{
  message: 'MongoDB Connected -YES 4000',
  level: 'info',
  label: 'Lipon',
  timestamp: '2024-10-03T08:31:59.118Z'
}
{
  message: 'App listening on port -YES  4000',
  level: 'info',
  label: 'Lipon',
  timestamp: '2024-10-03T08:31:59.125Z'
}
{
  message: 'MongoDB Connected -YES 4000',
  level: 'info',
  label: 'Lipon',
  timestamp: '2024-10-03T08:32:52.030Z'
}
{
  message: 'App listening on port -YES  4000',
  level: 'info',
  label: 'Lipon',
  timestamp: '2024-10-03T08:32:52.037Z'
}
{
  message: 'MongoDB Connected -YES 4000',
  level: 'info',
  label: 'Lipon',
  timestamp: '2024-10-03T08:48:48.698Z'
}
{
  message: 'App listening on port -YES  4000',
  level: 'info',
  label: 'Lipon',
  timestamp: '2024-10-03T08:48:48.706Z'
}
