{
  message: 'MongoDB Connected -YES 4000',
  level: 'info',
  label: 'Lipon',
  timestamp: '2025-01-26T11:00:02.693Z'
}
{
  message: 'App listening on port -YES  4000',
  level: 'info',
  label: 'Lipon',
  timestamp: '2025-01-26T11:00:02.699Z'
}
{
  message: 'MongoDB Connected -YES 4000',
  level: 'info',
  label: 'Lipon',
  timestamp: '2025-01-26T11:01:02.423Z'
}
{
  message: 'App listening on port -YES  4000',
  level: 'info',
  label: 'Lipon',
  timestamp: '2025-01-26T11:01:02.429Z'
}
{
  message: 'MongoDB Connected -YES 4000',
  level: 'info',
  label: 'Lipon',
  timestamp: '2025-01-26T11:04:03.749Z'
}
{
  message: 'App listening on port -YES  4000',
  level: 'info',
  label: 'Lipon',
  timestamp: '2025-01-26T11:04:03.756Z'
}
{
  message: 'MongoDB Connected -YES 4000',
  level: 'info',
  label: 'Lipon',
  timestamp: '2025-01-26T11:04:23.728Z'
}
{
  message: 'App listening on port -YES  4000',
  level: 'info',
  label: 'Lipon',
  timestamp: '2025-01-26T11:04:23.734Z'
}
{
  message: 'MongoDB Connected -YES 4000',
  level: 'info',
  label: 'Lipon',
  timestamp: '2025-01-26T11:04:30.919Z'
}
{
  message: 'App listening on port -YES  4000',
  level: 'info',
  label: 'Lipon',
  timestamp: '2025-01-26T11:04:30.925Z'
}
{
  message: 'MongoDB Connected -YES 4000',
  level: 'info',
  label: 'Lipon',
  timestamp: '2025-01-26T11:05:29.012Z'
}
{
  message: 'App listening on port -YES  4000',
  level: 'info',
  label: 'Lipon',
  timestamp: '2025-01-26T11:05:29.019Z'
}
{
  message: 'MongoDB Connected -YES 4000',
  level: 'info',
  label: 'Lipon',
  timestamp: '2025-01-26T11:05:38.779Z'
}
{
  message: 'App listening on port -YES  4000',
  level: 'info',
  label: 'Lipon',
  timestamp: '2025-01-26T11:05:38.786Z'
}
{
  message: 'MongoDB Connected -YES 4000',
  level: 'info',
  label: 'Lipon',
  timestamp: '2025-01-26T11:05:47.527Z'
}
{
  message: 'App listening on port -YES  4000',
  level: 'info',
  label: 'Lipon',
  timestamp: '2025-01-26T11:05:47.534Z'
}
{
  message: 'MongoDB Connected -YES 4000',
  level: 'info',
  label: 'Lipon',
  timestamp: '2025-01-26T11:11:48.637Z'
}
{
  message: 'App listening on port -YES  4000',
  level: 'info',
  label: 'Lipon',
  timestamp: '2025-01-26T11:11:48.645Z'
}
{
  message: 'MongoDB Connected -YES 4000',
  level: 'info',
  label: 'Lipon',
  timestamp: '2025-01-26T11:21:05.129Z'
}
{
  message: 'App listening on port -YES  4000',
  level: 'info',
  label: 'Lipon',
  timestamp: '2025-01-26T11:21:05.136Z'
}
{
  message: 'MongoDB Connected -YES 4000',
  level: 'info',
  label: 'Lipon',
  timestamp: '2025-01-26T11:21:16.139Z'
}
{
  message: 'App listening on port -YES  4000',
  level: 'info',
  label: 'Lipon',
  timestamp: '2025-01-26T11:21:16.146Z'
}
{
  message: 'MongoDB Connected -YES 4000',
  level: 'info',
  label: 'Lipon',
  timestamp: '2025-01-26T11:21:22.267Z'
}
{
  message: 'App listening on port -YES  4000',
  level: 'info',
  label: 'Lipon',
  timestamp: '2025-01-26T11:21:22.275Z'
}
{
  message: 'MongoDB Connected -YES 4000',
  level: 'info',
  label: 'Lipon',
  timestamp: '2025-01-26T11:21:28.222Z'
}
{
  message: 'App listening on port -YES  4000',
  level: 'info',
  label: 'Lipon',
  timestamp: '2025-01-26T11:21:28.228Z'
}
{
  message: 'MongoDB Connected -YES 4000',
  level: 'info',
  label: 'Lipon',
  timestamp: '2025-01-26T11:21:35.029Z'
}
{
  message: 'App listening on port -YES  4000',
  level: 'info',
  label: 'Lipon',
  timestamp: '2025-01-26T11:21:35.035Z'
}
{
  message: 'MongoDB Connected -YES 4000',
  level: 'info',
  label: 'Lipon',
  timestamp: '2025-01-26T11:22:08.240Z'
}
{
  message: 'App listening on port -YES  4000',
  level: 'info',
  label: 'Lipon',
  timestamp: '2025-01-26T11:22:08.246Z'
}
{
  message: 'MongoDB Connected -YES 4000',
  level: 'info',
  label: 'Lipon',
  timestamp: '2025-01-26T11:23:00.140Z'
}
{
  message: 'App listening on port -YES  4000',
  level: 'info',
  label: 'Lipon',
  timestamp: '2025-01-26T11:23:00.147Z'
}
{
  message: 'MongoDB Connected -YES 4000',
  level: 'info',
  label: 'Lipon',
  timestamp: '2025-01-26T11:23:11.544Z'
}
{
  message: 'App listening on port -YES  4000',
  level: 'info',
  label: 'Lipon',
  timestamp: '2025-01-26T11:23:11.550Z'
}
{
  message: 'MongoDB Connected -YES 4000',
  level: 'info',
  label: 'Lipon',
  timestamp: '2025-01-26T11:23:24.508Z'
}
{
  message: 'App listening on port -YES  4000',
  level: 'info',
  label: 'Lipon',
  timestamp: '2025-01-26T11:23:24.515Z'
}
{
  message: 'MongoDB Connected -YES 4000',
  level: 'info',
  label: 'Lipon',
  timestamp: '2025-01-26T11:24:04.365Z'
}
{
  message: 'App listening on port -YES  4000',
  level: 'info',
  label: 'Lipon',
  timestamp: '2025-01-26T11:24:04.371Z'
}
{
  message: 'MongoDB Connected -YES 4000',
  level: 'info',
  label: 'Lipon',
  timestamp: '2025-01-26T11:25:07.019Z'
}
{
  message: 'App listening on port -YES  4000',
  level: 'info',
  label: 'Lipon',
  timestamp: '2025-01-26T11:25:07.026Z'
}
{
  message: 'MongoDB Connected -YES 4000',
  level: 'info',
  label: 'Lipon',
  timestamp: '2025-01-26T11:25:21.545Z'
}
{
  message: 'App listening on port -YES  4000',
  level: 'info',
  label: 'Lipon',
  timestamp: '2025-01-26T11:25:21.552Z'
}
{
  message: 'MongoDB Connected -YES 4000',
  level: 'info',
  label: 'Lipon',
  timestamp: '2025-01-26T11:29:38.690Z'
}
{
  message: 'App listening on port -YES  4000',
  level: 'info',
  label: 'Lipon',
  timestamp: '2025-01-26T11:29:38.696Z'
}
{
  message: 'MongoDB Connected -YES 4000',
  level: 'info',
  label: 'Lipon',
  timestamp: '2025-01-26T11:34:03.445Z'
}
{
  message: 'App listening on port -YES  4000',
  level: 'info',
  label: 'Lipon',
  timestamp: '2025-01-26T11:34:03.453Z'
}
{
  message: 'MongoDB Connected -YES 4000',
  level: 'info',
  label: 'Lipon',
  timestamp: '2025-01-26T11:34:18.554Z'
}
{
  message: 'App listening on port -YES  4000',
  level: 'info',
  label: 'Lipon',
  timestamp: '2025-01-26T11:34:18.561Z'
}
