{
  message: 'MongoDB Connected -YES 4000',
  level: 'info',
  label: 'Lipon',
  timestamp: '2024-10-06T11:04:08.986Z'
}
{
  message: 'App listening on port -YES  4000',
  level: 'info',
  label: 'Lipon',
  timestamp: '2024-10-06T11:04:08.993Z'
}
{
  message: 'MongoDB Connected -YES 4000',
  level: 'info',
  label: 'Lipon',
  timestamp: '2024-10-06T11:07:36.772Z'
}
{
  message: 'App listening on port -YES  4000',
  level: 'info',
  label: 'Lipon',
  timestamp: '2024-10-06T11:07:36.779Z'
}
{
  message: 'MongoDB Connected -YES 4000',
  level: 'info',
  label: 'Lipon',
  timestamp: '2024-10-06T11:09:00.692Z'
}
{
  message: 'App listening on port -YES  4000',
  level: 'info',
  label: 'Lipon',
  timestamp: '2024-10-06T11:09:00.699Z'
}
{
  message: 'MongoDB Connected -YES 4000',
  level: 'info',
  label: 'Lipon',
  timestamp: '2024-10-06T11:27:23.682Z'
}
{
  message: 'App listening on port -YES  4000',
  level: 'info',
  label: 'Lipon',
  timestamp: '2024-10-06T11:27:23.689Z'
}
{
  message: 'MongoDB Connected -YES 4000',
  level: 'info',
  label: 'Lipon',
  timestamp: '2024-10-06T11:47:27.407Z'
}
{
  message: 'App listening on port -YES  4000',
  level: 'info',
  label: 'Lipon',
  timestamp: '2024-10-06T11:47:27.413Z'
}
{
  message: 'MongoDB Connected -YES 4000',
  level: 'info',
  label: 'Lipon',
  timestamp: '2024-10-06T11:55:20.676Z'
}
{
  message: 'App listening on port -YES  4000',
  level: 'info',
  label: 'Lipon',
  timestamp: '2024-10-06T11:55:20.682Z'
}
